[    1007ms] [ERROR] node_invalid_placement_ssr: `<a>` (src/lib/components/ui/Tooltip.svelte:107:8) cannot be a descendant of `<a>` (src/lib/components/WorkflowProgress.svelte:82:2)

This can cause content to shift around as the browser repairs the HTML, and will likely result in a `hydration_mismatch` warning. @ http://localhost:5175/assessments/cb15ed5c-9d1e-4103-ae5a-34b7aab5fb9b:14
[    1689ms] [WARNING] Failed to hydrate:  HierarchyRequestError: Failed to execute 'appendChild' on 'Node': This node type does not support this method.

	in <unknown>
	in WorkflowProgress.svelte
	in Card.svelte
	in +page.svelte
	in +layout.svelte
	in +layout.svelte
	in root.svelte
	in undefined

    at Module.child (http://localhost:5175/node_modules/.vite/deps/chunk-MP5Q6MV3.js?v=c0001dfe:4295:27)
    at http://localhost:5175/src/lib/components/WorkflowProgress.svelte:96:18
    at http://localhost:5175/node_modules/.vite/deps/chunk-O7I35TK4.js?v=c0001dfe:1249:7
    at update_reaction (http://localhost:5175/node_modules/.vite/deps/chunk-MP5Q6MV3.js?v=c0001dfe:3540:18)
    at update_effect (http://localhost:5175/node_modules/.vite/deps/chunk-MP5Q6MV3.js?v=c0001dfe:3679:21)
    at create_effect (http://localhost:5175/node_modules/.vite/deps/chunk-MP5Q6MV3.js?v=c0001dfe:3031:7)
    at branch (http://localhost:5175/node_modules/.vite/deps/chunk-MP5Q6MV3.js?v=c0001dfe:3205:10)
    at create_item (http://localhost:5175/node_modules/.vite/deps/chunk-O7I35TK4.js?v=c0001dfe:1248:8)
    at http://localhost:5175/node_modules/.vite/deps/chunk-O7I35TK4.js?v=c0001dfe:1006:16
    at update_reaction (http://localhost:5175/node_modules/.vite/deps/chunk-MP5Q6MV3.js?v=c0001dfe:3540:18) @ http://localhost:5175/@fs/Users/dakotasmith/Documents/GitHub/plugin-migration-planner/node_modules/@sveltejs/kit/src/runtime/client/client.js?v=c0001dfe:3211
